<?xml version="1.0" encoding="UTF-8"?>
<testsuite xmlns:xsi="http://www.w3.org/2001/XMLSchema-instance" xsi:noNamespaceSchemaLocation="https://maven.apache.org/surefire/maven-surefire-plugin/xsd/surefire-test-report.xsd" name="TestRunner" time="12.482" tests="1" errors="1" skipped="0" failures="0">
  <properties>
[...]
</properties>
  <testcase name="Trendyol devam" classname="Trendyol" time="10.264">
    <error message="&amp;#27;[1;33morg.openqa.selenium.SessionNotCreatedException: Could not start a new session. Possible causes are invalid address of the remote server or browser start-up failure. &#10;Host info: host: &apos;MacBook-Pro-3.local&apos;, ip: &apos;192.168.0.13&apos;&amp;#27;[0m" type="java.lang.RuntimeException"><![CDATA[java.lang.RuntimeException: 
&amp#27;[1;33morg.openqa.selenium.SessionNotCreatedException: Could not start a new session. Possible causes are invalid address of the remote server or browser start-up failure. 
Host info: host: 'MacBook-Pro-3.local', ip: '192.168.0.13'&amp#27;[0m
]]></error>
    <system-out><![CDATA[&amp#27;[35m[Appium]&amp#27;[39m Welcome to Appium v2.0.0-beta.57
&amp#27;[35m[Appium]&amp#27;[39m Non-default server args:
&amp#27;[35m[Appium]&amp#27;[39m { port: &amp#27;[33m56606&amp#27;[39m }
&amp#27;[35m[Appium]&amp#27;[39m Attempting to load driver uiautomator2...
[debug] &amp#27;[35m[Appium]&amp#27;[39m Requiring driver at /Users/egecan/.appium/node_modules/appium-uiautomator2-driver
&amp#27;[35m[Appium]&amp#27;[39m Attempting to load driver xcuitest...
[debug] &amp#27;[35m[Appium]&amp#27;[39m Requiring driver at /Users/egecan/.appium/node_modules/appium-xcuitest-driver
&amp#27;[35m[Appium]&amp#27;[39m Appium REST http interface listener started on 0.0.0.0:56606
&amp#27;[35m[Appium]&amp#27;[39m Available drivers:
&amp#27;[35m[Appium]&amp#27;[39m   - uiautomator2@2.12.6 (automationName 'UiAutomator2')
&amp#27;[35m[Appium]&amp#27;[39m   - xcuitest@4.19.0 (automationName 'XCUITest')
&amp#27;[35m[Appium]&amp#27;[39m No plugins have been installed. Use the "appium plugin" command to install the one(s) you want to use.
&amp#27;[38;5;0m[HTTP]&amp#27;[0m &amp#27;[37m-->&amp#27;[39m &amp#27;[37mGET&amp#27;[39m &amp#27;[37m/status&amp#27;[39m
&amp#27;[38;5;0m[HTTP]&amp#27;[0m &amp#27;[90m{}&amp#27;[39m
[debug] &amp#27;[38;5;16m[AppiumDriver@2ef8]&amp#27;[0m Calling AppiumDriver.getStatus() with args: []
[debug] &amp#27;[38;5;16m[AppiumDriver@2ef8]&amp#27;[0m Responding to client with driver.getStatus() result: {"build":{"version":"2.0.0-beta.57"}}
&amp#27;[38;5;0m[HTTP]&amp#27;[0m &amp#27;[37m<-- GET /status &amp#27;[39m&amp#27;[32m200&amp#27;[39m &amp#27;[90m16 ms - 47&amp#27;[39m
&amp#27;[38;5;0m[HTTP]&amp#27;[0m &amp#27;[90m&amp#27;[39m
]]></system-out>
    <system-err><![CDATA[Mar 11, 2023 9:31:25 PM steps.CommonSteps before
INFO: &amp#27;[1;90mRunning: &amp#27;[1;34mTrendyol devam&amp#27;[0m&amp#27;[0m
Mar 11, 2023 9:31:25 PM utils.appium.Driver startService
INFO: &amp#27;[1;90mInitializing appium service&amp#27;[0m
Mar 11, 2023 9:31:25 PM utils.SystemUtilities portIsAvailable
INFO: &amp#27;[1;90mChecking availability of port &amp#27;[1;35m4723&amp#27;[0m&amp#27;[0m
Mar 11, 2023 9:31:25 PM utils.SystemUtilities portIsAvailable
WARNING: &amp#27;[1;33mPort is unavailable!&amp#27;[0m
Mar 11, 2023 9:31:25 PM utils.appium.ServiceFactory startService
INFO: &amp#27;[1;90mStarting service on &amp#27;[1;35m0.0.0.0:56606&amp#27;[0m&amp#27;[0m
SLF4J: Failed to load class "org.slf4j.impl.StaticLoggerBinder".
SLF4J: Defaulting to no-operation (NOP) logger implementation
SLF4J: See http://www.slf4j.org/codes.html#StaticLoggerBinder for further details.
Mar 11, 2023 9:31:34 PM utils.appium.Driver initialize
INFO: &amp#27;[1;90mInitializing appium driver&amp#27;[0m
Mar 11, 2023 9:31:34 PM utils.appium.DriverFactory getConfig
INFO: &amp#27;[1;90mSetting capabilities...&amp#27;[0m
ERROR StatusLogger Log4j2 could not find a logging implementation. Please add log4j-core to the classpath. Using SimpleLogger to log to the console...
Mar 11, 2023 9:31:35 PM utils.appium.DriverFactory getDriver
INFO: &amp#27;[1;90mPlease make sure &amp#27;[1;35mAppium &amp#27;[1;90mis on & verify the port that its running on at 'resources/test.properties'.&amp#27;[0m&amp#27;[0m
Mar 11, 2023 9:31:35 PM steps.CommonSteps kill
WARNING: &amp#27;[1;33mTrendyol devam: FAILED!&amp#27;[0m
Mar 11, 2023 9:31:35 PM utils.appium.Driver terminate
INFO: &amp#27;[1;90mFinalizing driver...&amp#27;[0m
]]></system-err>
  </testcase>
</testsuite>